 ******************************************************* 
 * ODRPACK VERSION 2.01 OF 06-19-92 (DOUBLE PRECISION) * 
 ******************************************************* 


 *** INITIAL SUMMARY FOR FIT BY METHOD OF ODR ***

 --- PROBLEM SIZE:
            N =    23          (NUMBER WITH NONZERO WEIGHT =    21)
           NQ =     2
            M =     1
           NP =     5          (NUMBER UNFIXED =     5)

 --- CONTROL VALUES:
          JOB = 01010
              = ABCDE, WHERE
                       A=0 ==> FIT IS NOT A RESTART.
                       B=1 ==> DELTAS ARE INITIALIZED BY USER.
                       C=0 ==> COVARIANCE MATRIX WILL BE COMPUTED USING
                               DERIVATIVES RE-EVALUATED AT THE SOLUTION.
                       D=1 ==> DERIVATIVES ARE ESTIMATED BY CENTRAL DIFFERENCES.
                       E=0 ==> METHOD IS EXPLICIT ODR.
       NDIGIT =     2          (ESTIMATED BY ODRPACK)
       TAUFAC =     1.00D+00

 --- STOPPING CRITERIA:
        SSTOL =    +Infinity   (SUM OF SQUARES STOPPING TOLERANCE)
       PARTOL =    +Infinity   (PARAMETER STOPPING TOLERANCE)
        MAXIT =    50          (MAXIMUM NUMBER OF ITERATIONS)

 --- INITIAL WEIGHTED SUM OF SQUARES        =                    1.71064070D+03
         SUM OF SQUARED WEIGHTED DELTAS     =   2.01382943D-04
         SUM OF SQUARED WEIGHTED EPSILONS   =   1.71064050D+03

 --- FUNCTION PARAMETER SUMMARY:

       INDEX         BETA(K)    FIXED           SCALE    DERIVATIVE
                                                          STEP SIZE
         (K)                  (IFIXB)          (SCLB)        (STPB)

           1  4.00000000D+00       NO  2.50000000D-01   2.15443D-01
           2  2.00000000D+00       NO  5.00000000D-01   2.15443D-01
           3  7.00000000D+00       NO  1.42857143D-01   2.15443D-01
           4  4.00000000D-01       NO  2.50000000D+00   2.15443D-01
           5  5.00000000D-01       NO  2.00000000D+00   2.15443D-01

 --- EXPLANATORY VARIABLE AND DELTA WEIGHT SUMMARY:

       INDEX      X(I,J)  DELTA(I,J)    FIXED     SCALE    WEIGHT    DERIVATIVE
                                                                      STEP SIZE
       (I,J)                          (IFIXX)    (SCLD)      (WD)        (STPD)

         1,1   3.000D+01   0.000D+00      YES  3.33D-02  1.11D-07   2.15443D-01
         N,1   1.500D+05   1.440D+05       NO  6.67D-06  4.44D-15   2.15443D-01

 --- RESPONSE VARIABLE AND EPSILON ERROR WEIGHT SUMMARY:

       INDEX      Y(I,L)      WEIGHT
       (I,L)                    (WE)

         1,1   4.220D+00   5.596D+02
         N,1   2.759D+00   5.596D+02
 
         1,2   1.360D-01   8.397D+03
         N,2   1.390D-01   8.397D+03

 *** FINAL SUMMARY FOR FIT BY METHOD OF ODR ***

 --- STOPPING CONDITIONS:
         INFO =     3 ==> SUM OF SQUARES CONVERGENCE AND PARAMETER CONVERGENCE.
        NITER =     1          (NUMBER OF ITERATIONS)
         NFEV =    30          (NUMBER OF FUNCTION EVALUATIONS)
        IRANK =     0          (RANK DEFICIENCY)
        RCOND =     2.87D-03   (INVERSE CONDITION NUMBER)
        ISTOP =     0          (RETURNED BY USER FROM SUBROUTINE FCN)

 --- FINAL WEIGHTED SUMS OF SQUARES       =                     4.90925856D+02
         SUM OF SQUARED WEIGHTED DELTAS   =    4.10826858D-04
         SUM OF SQUARED WEIGHTED EPSILONS =    4.90925446D+02

 --- RESIDUAL STANDARD DEVIATION          =                     5.53921168D+00
         DEGREES OF FREEDOM               =   16

 --- ESTIMATED BETA(J), J = 1, ..., NP:

                     BETA      S.D. BETA    ---- 95%  CONFIDENCE INTERVAL ----

       1   4.24409983D+00     3.0969D-01     3.58751666D+00 TO  4.90068300D+00
       2   2.59139979D+00     1.0427D+00     3.80833680D-01 TO  4.80196589D+00
       3   9.21147020D+00     1.1475D+01    -1.51160737D+01 TO  3.35390141D+01
       4   5.26048819D-01     8.1436D-01    -1.20050467D+00 TO  2.25260231D+00
       5   6.17996999D-01     3.0574D+00    -5.86401451D+00 TO  7.10000851D+00

 --- ESTIMATED EPSILON(I) AND DELTA(I,*), I = 1, ..., N:

         I    EPSILON(I,1)    EPSILON(I,2)      DELTA(I,1)

         1 -6.16258840D-02 -5.48163555D-02  0.00000000D+00
         2 -3.46880796D-02 -6.50807152D-02  0.00000000D+00
         3 -2.08430210D-02 -7.03720362D-02  0.00000000D+00
         4  4.66509597D-02 -7.59935044D-02  0.00000000D+00
         5  2.96858990D-02 -7.71811048D-02  0.00000000D+00
         6  6.35867739D-02 -8.13653310D-02 -1.11506474D+00
         7  8.82426765D-02 -7.58604759D-02 -3.67718750D+00
         8  1.10010748D-01 -6.32979920D-02  1.47912792D+01
         9  1.13970071D-01 -5.26383427D-02  7.37558174D+01
        10  1.33545305D-01 -3.85550349D-02  8.12433980D+01
        11  1.64347397D-01 -2.89642538D-02 -6.48592049D+00
        12  1.29130272D-01 -1.09893332D-02  9.91859472D+02
        13  1.23432089D-01 -4.40183861D-03  1.39846259D+03
        14  1.23981312D-01  4.97219981D-03  2.12941638D+03
        15  1.21360457D-01  8.02624431D-03  3.03092692D+03
        16  1.25838573D-01  1.90751923D-02  3.81550855D+03
        17  1.25249715D-01  1.81429771D-02  5.44254622D+03
        18  1.07736608D-01  1.36107901D-02  1.63930430D+04
        19  1.04757975D-01  1.17645487D-02  2.26985516D+04
        20  1.02478733D-01  9.20741074D-03  3.43503102D+04
        21  1.01989034D-01  7.59854404D-03  4.80405050D+04
        22  1.03235332D-01  5.97392200D-03  7.17291681D+04
        23  1.15213758D-01  7.86396269D-03  7.91416392D+04
