 ******************************************************* 
 * ODRPACK VERSION 2.01 OF 06-19-92 (SINGLE PRECISION) * 
 ******************************************************* 


 *** INITIAL SUMMARY FOR FIT BY METHOD OF ODR ***

 --- PROBLEM SIZE:
            N =    23          (NUMBER WITH NONZERO WEIGHT =    21)
           NQ =     2
            M =     1
           NP =     5          (NUMBER UNFIXED =     5)

 --- CONTROL VALUES:
          JOB = 01010
              = ABCDE, WHERE
                       A=0 ==> FIT IS NOT A RESTART.
                       B=1 ==> DELTAS ARE INITIALIZED BY USER.
                       C=0 ==> COVARIANCE MATRIX WILL BE COMPUTED USING
                               DERIVATIVES RE-EVALUATED AT THE SOLUTION.
                       D=1 ==> DERIVATIVES ARE ESTIMATED BY CENTRAL DIFFERENCES.
                       E=0 ==> METHOD IS EXPLICIT ODR.
       NDIGIT =     2          (ESTIMATED BY ODRPACK)
       TAUFAC =     1.00D+00

 --- STOPPING CRITERIA:
        SSTOL =    +Infinity   (SUM OF SQUARES STOPPING TOLERANCE)
       PARTOL =    +Infinity   (PARAMETER STOPPING TOLERANCE)
        MAXIT =    50          (MAXIMUM NUMBER OF ITERATIONS)

 --- INITIAL WEIGHTED SUM OF SQUARES        =                    1.71064014E+03
         SUM OF SQUARED WEIGHTED DELTAS     =   2.01382936E-04
         SUM OF SQUARED WEIGHTED EPSILONS   =   1.71063989E+03

 --- FUNCTION PARAMETER SUMMARY:

       INDEX         BETA(K)    FIXED           SCALE    DERIVATIVE
                                                          STEP SIZE
         (K)                  (IFIXB)          (SCLB)        (STPB)

           1  4.00000000E+00       NO  2.50000000E-01   2.15443E-01
           2  2.00000000E+00       NO  5.00000000E-01   2.15443E-01
           3  7.00000000E+00       NO  1.42857149E-01   2.15443E-01
           4  4.00000006E-01       NO  2.50000000E+00   2.15443E-01
           5  5.00000000E-01       NO  2.00000000E+00   2.15443E-01

 --- EXPLANATORY VARIABLE AND DELTA WEIGHT SUMMARY:

       INDEX      X(I,J)  DELTA(I,J)    FIXED     SCALE    WEIGHT    DERIVATIVE
                                                                      STEP SIZE
       (I,J)                          (IFIXX)    (SCLD)      (WD)        (STPD)

         1,1   3.000E+01   0.000E+00      YES  3.33E-02  1.11E-07   2.15443E-01
         N,1   1.500E+05   1.440E+05       NO  6.67E-06  4.44E-15   2.15443E-01

 --- RESPONSE VARIABLE AND EPSILON ERROR WEIGHT SUMMARY:

       INDEX      Y(I,L)      WEIGHT
       (I,L)                    (WE)

         1,1   4.220E+00   5.596E+02
         N,1   2.759E+00   5.596E+02
 
         1,2   1.360E-01   8.397E+03
         N,2   1.390E-01   8.397E+03

 *** FINAL SUMMARY FOR FIT BY METHOD OF ODR ***

 --- STOPPING CONDITIONS:
         INFO =     3 ==> SUM OF SQUARES CONVERGENCE AND PARAMETER CONVERGENCE.
        NITER =     1          (NUMBER OF ITERATIONS)
         NFEV =    30          (NUMBER OF FUNCTION EVALUATIONS)
        IRANK =     0          (RANK DEFICIENCY)
        RCOND =     2.87E-03   (INVERSE CONDITION NUMBER)
        ISTOP =     0          (RETURNED BY USER FROM SUBROUTINE FCN)

 --- FINAL WEIGHTED SUMS OF SQUARES       =                     4.90937683E+02
         SUM OF SQUARED WEIGHTED DELTAS   =    4.10879904E-04
         SUM OF SQUARED WEIGHTED EPSILONS =    4.90937286E+02

 --- RESIDUAL STANDARD DEVIATION          =                     5.53927851E+00
         DEGREES OF FREEDOM               =   16

 --- ESTIMATED BETA(J), J = 1, ..., NP:

                     BETA      S.D. BETA    ---- 95%  CONFIDENCE INTERVAL ----

       1   4.24409914E+00     3.0988E-01     3.58712101E+00 TO  4.90107727E+00
       2   2.59140849E+00     1.0428E+00     3.80519152E-01 TO  4.80229759E+00
       3   9.21152210E+00     1.1477E+01    -1.51210699E+01 TO  3.35441132E+01
       4   5.26046693E-01     8.1452E-01    -1.20084429E+00 TO  2.25293779E+00
       5   6.18007302E-01     3.0580E+00    -5.86534929E+00 TO  7.10136366E+00

 --- ESTIMATED EPSILON(I) AND DELTA(I,*), I = 1, ..., N:

         I    EPSILON(I,1)    EPSILON(I,2)      DELTA(I,1)

         1 -6.16259575E-02 -5.48171476E-02  0.00000000E+00
         2 -3.46879959E-02 -6.50817305E-02  0.00000000E+00
         3 -2.08425522E-02 -7.03732446E-02  0.00000000E+00
         4  4.66513634E-02 -7.59949237E-02  0.00000000E+00
         5  2.96869278E-02 -7.71827698E-02  0.00000000E+00
         6  6.35726452E-02 -8.13586712E-02 -1.08733940E+00
         7  8.82518291E-02 -7.58660138E-02 -3.69435883E+00
         8  1.10012293E-01 -6.32995516E-02  1.47957039E+01
         9  1.13975286E-01 -5.26409149E-02  7.37471313E+01
        10  1.33549213E-01 -3.85568142E-02  8.12456512E+01
        11  1.64354324E-01 -2.89663374E-02 -6.50360107E+00
        12  1.29110813E-01 -1.09893382E-02  9.92212097E+02
        13  1.23407602E-01 -4.40332294E-03  1.39909180E+03
        14  1.23970032E-01  4.97010350E-03  2.13000732E+03
        15  1.21363401E-01  8.02579522E-03  3.03105249E+03
        16  1.25865698E-01  1.90797448E-02  3.81386523E+03
        17  1.25251293E-01  1.81422383E-02  5.44299121E+03
        18  1.07738972E-01  1.36101395E-02  1.63937012E+04
        19  1.04770660E-01  1.17674917E-02  2.26954863E+04
        20  1.02477551E-01  9.20510292E-03  3.43546016E+04
        21  1.01985693E-01  7.59516656E-03  4.80492109E+04
        22  1.03238821E-01  5.97319007E-03  7.17315313E+04
        23  1.15222692E-01  7.86557794E-03  7.91313438E+04
