 ******************************************************* 
 * ODRPACK VERSION 2.01 OF 06-19-92 (SINGLE PRECISION) * 
 ******************************************************* 


 *** INITIAL SUMMARY FOR FIT BY METHOD OF ODR ***

 --- PROBLEM SIZE:
            N =    23          (NUMBER WITH NONZERO WEIGHT =    21)
           NQ =     2
            M =     1
           NP =     5          (NUMBER UNFIXED =     5)

 --- CONTROL VALUES:
          JOB = 01010
              = ABCDE, WHERE
                       A=0 ==> FIT IS NOT A RESTART.
                       B=1 ==> DELTAS ARE INITIALIZED BY USER.
                       C=0 ==> COVARIANCE MATRIX WILL BE COMPUTED USING
                               DERIVATIVES RE-EVALUATED AT THE SOLUTION.
                       D=1 ==> DERIVATIVES ARE ESTIMATED BY CENTRAL DIFFERENCES.
                       E=0 ==> METHOD IS EXPLICIT ODR.
       NDIGIT =     7          (ESTIMATED BY ODRPACK)
       TAUFAC =     1.00D+00

 --- STOPPING CRITERIA:
        SSTOL =     3.45E-04   (SUM OF SQUARES STOPPING TOLERANCE)
       PARTOL =     2.42E-05   (PARAMETER STOPPING TOLERANCE)
        MAXIT =    50          (MAXIMUM NUMBER OF ITERATIONS)

 --- INITIAL WEIGHTED SUM OF SQUARES        =                    1.71064014E+03
         SUM OF SQUARED WEIGHTED DELTAS     =   2.01382936E-04
         SUM OF SQUARED WEIGHTED EPSILONS   =   1.71063989E+03

 --- FUNCTION PARAMETER SUMMARY:

       INDEX         BETA(K)    FIXED           SCALE    DERIVATIVE
                                                          STEP SIZE
         (K)                  (IFIXB)          (SCLB)        (STPB)

           1  4.00000000E+00       NO  2.50000000E-01   4.64159E-03
           2  2.00000000E+00       NO  5.00000000E-01   4.64159E-03
           3  7.00000000E+00       NO  1.42857149E-01   4.64159E-03
           4  4.00000006E-01       NO  2.50000000E+00   4.64159E-03
           5  5.00000000E-01       NO  2.00000000E+00   4.64159E-03

 --- EXPLANATORY VARIABLE AND DELTA WEIGHT SUMMARY:

       INDEX      X(I,J)  DELTA(I,J)    FIXED     SCALE    WEIGHT    DERIVATIVE
                                                                      STEP SIZE
       (I,J)                          (IFIXX)    (SCLD)      (WD)        (STPD)

         1,1   3.000E+01   0.000E+00      YES  3.33E-02  1.11E-07   4.64159E-03
         N,1   1.500E+05   1.440E+05       NO  6.67E-06  4.44E-15   4.64159E-03

 --- RESPONSE VARIABLE AND EPSILON ERROR WEIGHT SUMMARY:

       INDEX      Y(I,L)      WEIGHT
       (I,L)                    (WE)

         1,1   4.220E+00   5.596E+02
         N,1   2.759E+00   5.596E+02
 
         1,2   1.360E-01   8.397E+03
         N,2   1.390E-01   8.397E+03

 *** FINAL SUMMARY FOR FIT BY METHOD OF ODR ***

 --- STOPPING CONDITIONS:
         INFO =     1 ==> SUM OF SQUARES CONVERGENCE.
        NITER =     6          (NUMBER OF ITERATIONS)
         NFEV =    95          (NUMBER OF FUNCTION EVALUATIONS)
        IRANK =     0          (RANK DEFICIENCY)
        RCOND =     8.15E-03   (INVERSE CONDITION NUMBER)
        ISTOP =     0          (RETURNED BY USER FROM SUBROUTINE FCN)

 --- FINAL WEIGHTED SUMS OF SQUARES       =                     4.20535743E-01
         SUM OF SQUARED WEIGHTED DELTAS   =    5.54120110E-04
         SUM OF SQUARED WEIGHTED EPSILONS =    4.19981629E-01

 --- RESIDUAL STANDARD DEVIATION          =                     1.62121817E-01
         DEGREES OF FREEDOM               =   16

 --- ESTIMATED BETA(J), J = 1, ..., NP:

                     BETA      S.D. BETA    ---- 95%  CONFIDENCE INTERVAL ----

       1   4.38000202E+00     1.3062E-02     4.35230970E+00 TO  4.40769434E+00
       2   2.43330836E+00     1.3051E-02     2.40563941E+00 TO  2.46097732E+00
       3   8.00295448E+00     1.1672E-01     7.75549793E+00 TO  8.25041103E+00
       4   5.10102630E-01     1.3263E-02     4.81983006E-01 TO  5.38222253E-01
       5   5.17407715E-01     2.8854E-02     4.56233710E-01 TO  5.78581691E-01

 --- ESTIMATED EPSILON(I) AND DELTA(I,*), I = 1, ..., N:

         I    EPSILON(I,1)    EPSILON(I,2)      DELTA(I,1)

         1 -7.37953186E-03  1.26114488E-03  0.00000000E+00
         2 -1.05094910E-03 -1.22725964E-03  0.00000000E+00
         3 -2.70366669E-03 -2.14274228E-03  0.00000000E+00
         4  4.68640327E-02 -4.25924361E-03  0.00000000E+00
         5  8.08572769E-03 -3.47591937E-03  0.00000000E+00
         6  1.52564049E-03  3.89933586E-04  3.03937645E+01
         7  4.59194183E-03  1.19444728E-03  3.79328537E+01
         8  4.51707840E-03  1.23366714E-03  6.22600136E+01
         9 -1.01423264E-03 -2.91973352E-04  1.11245552E+02
        10  1.05428696E-02  3.27378511E-03  1.15947159E+02
        11  6.93273544E-03  2.43359804E-03  2.41534531E+02
        12  3.69548798E-05  1.63316727E-05  9.61505127E+02
        13 -3.77821922E-03 -2.43031979E-03  1.33053149E+03
        14 -5.49316406E-04 -1.70063972E-03  2.07516895E+03
        15  2.11739540E-03 -2.23019719E-03  2.90142920E+03
        16 -7.49421120E-03  2.16746330E-03  5.21772314E+03
        17 -1.56831741E-03  2.02864408E-04  7.54684912E+03
        18 -5.92470169E-04  2.73138285E-05  1.74216895E+04
        19  1.15394592E-04 -2.23517418E-07  2.42770195E+04
        20  2.63690948E-04  5.21540642E-06  3.78532852E+04
        21 -3.81231308E-04 -1.04308128E-05  5.53552266E+04
        22 -3.36885452E-04 -1.26361847E-05  8.75879141E+04
        23  2.87246704E-03  1.41501427E-04  1.29506422E+05
